0 info it worked if it ends with ok
1 verbose cli [ '/usr/local/Cellar/node/6.3.0/bin/node',
1 verbose cli   '/usr/local/bin/npm',
1 verbose cli   'run',
1 verbose cli   'deploy' ]
2 info using npm@4.0.2
3 info using node@v6.3.0
4 verbose run-script [ 'predeploy', 'deploy', 'postdeploy' ]
5 info lifecycle awstable40@1.0.0~predeploy: awstable40@1.0.0
6 silly lifecycle awstable40@1.0.0~predeploy: no script for predeploy, continuing
7 info lifecycle awstable40@1.0.0~deploy: awstable40@1.0.0
8 verbose lifecycle awstable40@1.0.0~deploy: unsafe-perm in lifecycle true
9 verbose lifecycle awstable40@1.0.0~deploy: PATH: /usr/local/lib/node_modules/npm/bin/node-gyp-bin:/Users/picsoung/Dropbox/Dev/hackathons/awsTable40/node_modules/.bin:/usr/local/heroku/bin:/Users/picsoung/Downloads/google-cloud-sdk/bin:/Users/picsoung/.rbenv/shims:/Users/picsoung/.rbenv/shims:/usr/local/bin:/usr/local/sbin:/Users/picsoung/.rbenv/shims:/Users/picsoung/.rbenv/bin:/usr/bin:/bin:/usr/sbin:/sbin:/opt/X11/bin:/Library/TeX/texbin:/Users/picsoung/golang/bin:/usr/local/opt/go/libexec/bin
10 verbose lifecycle awstable40@1.0.0~deploy: CWD: /Users/picsoung/Dropbox/Dev/hackathons/awsTable40
11 silly lifecycle awstable40@1.0.0~deploy: Args: [ '-c', 'serverless deploy' ]
12 silly lifecycle awstable40@1.0.0~deploy: Returned: code: 1  signal: null
13 info lifecycle awstable40@1.0.0~deploy: Failed to exec deploy script
14 verbose stack Error: awstable40@1.0.0 deploy: `serverless deploy`
14 verbose stack Exit status 1
14 verbose stack     at EventEmitter.<anonymous> (/usr/local/lib/node_modules/npm/lib/utils/lifecycle.js:279:16)
14 verbose stack     at emitTwo (events.js:106:13)
14 verbose stack     at EventEmitter.emit (events.js:191:7)
14 verbose stack     at ChildProcess.<anonymous> (/usr/local/lib/node_modules/npm/lib/utils/spawn.js:40:14)
14 verbose stack     at emitTwo (events.js:106:13)
14 verbose stack     at ChildProcess.emit (events.js:191:7)
14 verbose stack     at maybeClose (internal/child_process.js:852:16)
14 verbose stack     at Process.ChildProcess._handle.onexit (internal/child_process.js:215:5)
15 verbose pkgid awstable40@1.0.0
16 verbose cwd /Users/picsoung/Dropbox/Dev/hackathons/awsTable40
17 error Darwin 14.5.0
18 error argv "/usr/local/Cellar/node/6.3.0/bin/node" "/usr/local/bin/npm" "run" "deploy"
19 error node v6.3.0
20 error npm  v4.0.2
21 error code ELIFECYCLE
22 error awstable40@1.0.0 deploy: `serverless deploy`
22 error Exit status 1
23 error Failed at the awstable40@1.0.0 deploy script 'serverless deploy'.
23 error Make sure you have the latest version of node.js and npm installed.
23 error If you do, this is most likely a problem with the awstable40 package,
23 error not with npm itself.
23 error Tell the author that this fails on your system:
23 error     serverless deploy
23 error You can get information on how to open an issue for this project with:
23 error     npm bugs awstable40
23 error Or if that isn't available, you can get their info via:
23 error     npm owner ls awstable40
23 error There is likely additional logging output above.
24 verbose exit [ 1, true ]
